Exporter version: 6.4.5, Blender version: 2.90.1
========= Conversion from Blender to Babylon.js =========
	Scene settings used :
		Inline textures     :  false
		Material Type       :  PBR
		Positions Precision :  4
		Normals Precision   :  3
		UVs Precision       :  3
		Vert Color Precision:  3
		Mat Weight Precision:  2
		Keep Z-up r-handed  :  no
		Texture directory   :  C:\Users\amine\
	Python World class constructor completed
	WARNING: No active camera has been assigned, or is not in a currently selected Blender layer
	processing begun of mesh:  Cube
		processing begun of material:  Material
		num positions      :  30
		num normals        :  30
		num tangents       :  0
		num uvs            :  60
		num uvs2           :  0
		num colors         :  0
		num triangles      :  12
	processing begun of mesh:  Cube.001
		processing begun of material:  Material
		registered as also a user of material:  Material
		num positions      :  30
		num normals        :  30
		num tangents       :  0
		num uvs            :  60
		num uvs2           :  0
		num colors         :  0
		num triangles      :  12
	processing begun of mesh:  Cube.002
		mesh is an instance of :  Cube.001.  Processing halted.
	processing begun of mesh:  Cube.003
		processing begun of material:  Material
		registered as also a user of material:  Material
		num positions      :  30
		num normals        :  30
		num tangents       :  0
		num uvs            :  60
		num uvs2           :  0
		num colors         :  0
		num triangles      :  12
	processing begun of mesh:  Cube.004
		processing begun of material:  Material
		registered as also a user of material:  Material
		num positions      :  30
		num normals        :  30
		num tangents       :  0
		num uvs            :  60
		num uvs2           :  0
		num colors         :  0
		num triangles      :  12
	processing begun of mesh:  Cube.005
		processing begun of material:  Material
		registered as also a user of material:  Material
		num positions      :  30
		num normals        :  30
		num tangents       :  0
		num uvs            :  60
		num uvs2           :  0
		num colors         :  0
		num triangles      :  12
	processing begun of mesh:  Cube.006
		processing begun of material:  Material
		registered as also a user of material:  Material
		num positions      :  30
		num normals        :  30
		num tangents       :  0
		num uvs            :  60
		num uvs2           :  0
		num colors         :  0
		num triangles      :  12
	processing begun of mesh:  Cube.007
		processing begun of material:  Material
		registered as also a user of material:  Material
		num positions      :  30
		num normals        :  30
		num tangents       :  0
		num uvs            :  60
		num uvs2           :  0
		num colors         :  0
		num triangles      :  12
========= Writing of JSON file started =========
	writing mesh:  Cube
	writing mesh:  Cube.001
	writing mesh:  Cube.003
	writing mesh:  Cube.004
	writing mesh:  Cube.005
	writing mesh:  Cube.006
	writing mesh:  Cube.007
========= Writing of JSON file completed =========
========= end of processing =========
elapsed time:  0 min, 0.4251 secs
