Exporter version: 2.80.1, Blender version: 2.92.0
========= Conversion from Blender to Babylon.js =========
	Scene settings used :
		Inline textures     :  false
		Material Type       :  PBR
		Positions Precision :  4
		Normals Precision   :  3
		UVs Precision       :  3
		Vert Color Precision:  3
		Mat Weight Precision:  2
		Keep Z-up r-handed  :  no
		Texture directory   :  C:\Users\nabil\OneDrive\Bureau\galagame\docs\mod\v1\models\oakfence\
	Python World class constructor completed
	WARNING: No active camera has been assigned, or is not in a currently selected Blender layer
	processing begun of mesh:  fencecorner
		processing begun of material:  m_0.002
			processing texture bookshelf_top
				texture type:  diffuseTexture, mapped using: "UVMap"
		Custom split normals with tangents being used
		num positions      :  160
		num normals        :  160
		num tangents       :  640
		num uvs            :  320
		num uvs2           :  0
		num colors         :  0
		num triangles      :  60
========= Writing of JSON file started =========
	writing mesh:  fencecorner
========= Writing of JSON file completed =========
========= end of processing =========
elapsed time:  0 min, 0.012 secs
