Exporter version: 2.80.1, Blender version: 2.92.0
========= Conversion from Blender to Babylon.js =========
	Scene settings used :
		Inline textures     :  false
		Material Type       :  PBR
		Positions Precision :  4
		Normals Precision   :  3
		UVs Precision       :  3
		Vert Color Precision:  3
		Mat Weight Precision:  2
		Keep Z-up r-handed  :  no
		Texture directory   :  C:\Users\nabil\OneDrive\Bureau\galagame\docs\mod\v1\models\horse\
	Python World class constructor completed
	WARNING: No active camera has been assigned, or is not in a currently selected Blender layer
	processing begun of mesh:  head
		processing begun of material:  m_0
			processing texture 
				texture type:  diffuseTexture, mapped using: "UVMap"
		Custom split normals with tangents being used
		num positions      :  224
		num normals        :  224
		num tangents       :  896
		num uvs            :  448
		num uvs2           :  0
		num colors         :  0
		num triangles      :  84
	processing begun of mesh:  front_right_leg
		processing begun of material:  m_0
		registered as also a user of material:  m_0
		Custom split normals with tangents being used
		num positions      :  32
		num normals        :  32
		num tangents       :  128
		num uvs            :  64
		num uvs2           :  0
		num colors         :  0
		num triangles      :  12
	processing begun of mesh:  front_left_leg
		processing begun of material:  m_0
		registered as also a user of material:  m_0
		Custom split normals with tangents being used
		num positions      :  32
		num normals        :  32
		num tangents       :  128
		num uvs            :  64
		num uvs2           :  0
		num colors         :  0
		num triangles      :  12
	processing begun of mesh:  back_right_leg
		processing begun of material:  m_0
		registered as also a user of material:  m_0
		Custom split normals with tangents being used
		num positions      :  32
		num normals        :  32
		num tangents       :  128
		num uvs            :  64
		num uvs2           :  0
		num colors         :  0
		num triangles      :  12
	processing begun of mesh:  back_left_leg
		processing begun of material:  m_0
		registered as also a user of material:  m_0
		Custom split normals with tangents being used
		num positions      :  32
		num normals        :  32
		num tangents       :  128
		num uvs            :  64
		num uvs2           :  0
		num colors         :  0
		num triangles      :  12
	processing begun of mesh:  body
		processing begun of material:  m_0
		registered as also a user of material:  m_0
		Custom split normals with tangents being used
		num positions      :  32
		num normals        :  32
		num tangents       :  128
		num uvs            :  64
		num uvs2           :  0
		num colors         :  0
		num triangles      :  12
	processing begun of mesh:  tail
		processing begun of material:  m_0
		registered as also a user of material:  m_0
		Custom split normals with tangents being used
		num positions      :  32
		num normals        :  32
		num tangents       :  128
		num uvs            :  64
		num uvs2           :  0
		num colors         :  0
		num triangles      :  12
========= Writing of JSON file started =========
	writing mesh:  head
	writing mesh:  front_right_leg
	writing mesh:  front_left_leg
	writing mesh:  back_right_leg
	writing mesh:  back_left_leg
	writing mesh:  body
	writing mesh:  tail
========= Writing of JSON file completed =========
========= end of processing =========
elapsed time:  0 min, 0.0276 secs
